<?xml version="1.0" encoding="UTF-8"?>
<!-- Generated by org.testng.reporters.JUnitReportReporter -->
<testsuite hostname="DEEPAK" failures="0" tests="1" name="ActualTC.createOrganizationTest" time="11.332" errors="0" timestamp="2024-05-01T23:31:04 IST" skipped="0">
  <testcase classname="ActualTC.createOrganizationTest" name="createorg" time="11.332"/>
  <system-out/>
</testsuite> <!-- ActualTC.createOrganizationTest -->
