<?xml version="1.0" encoding="UTF-8"?>
<!-- Generated by org.testng.reporters.JUnitReportReporter -->
<testsuite hostname="DEEPAK" failures="0" tests="1" name="ActualTC.ATC" time="11.059" errors="0" timestamp="2024-05-01T23:32:34 IST" skipped="0">
  <testcase classname="ActualTC.ATC" name="createcontact" time="11.059"/>
  <system-out/>
</testsuite> <!-- ActualTC.ATC -->
